-------------------------------------------------------------------------------
Test set: cryptic.model.NewUserModelTest
-------------------------------------------------------------------------------
Tests run: 1, Failures: 1, Errors: 0, Skipped: 0, Time elapsed: 0.002 sec <<< FAILURE!
cryptic.model.NewUserModelTest.testAddUser()  Time elapsed: 0.001 sec  <<< FAILURE!
java.lang.NullPointerException
	at cryptic.model.NewUserModelTest.testAddUser(NewUserModelTest.java:26)
